<?xml version="1.0" encoding="UTF-8"?>
<!-- Generated by org.testng.reporters.JUnitReportReporter -->
<testsuite hostname="DMDF318" failures="0" tests="1" name="automacao.web.Curso" time="4.391" errors="0" timestamp="2021-01-29T18:53:52 BRT" skipped="0">
  <testcase classname="automacao.web.Curso" name="preencheCadastro" time="4.391"/>
  <system-out/>
</testsuite> <!-- automacao.web.Curso -->
